<?xml version="1.0" encoding="UTF-8"?>
<!-- Generated by org.testng.reporters.JUnitReportReporter -->
<testsuite hostname="localhost.pcs" failures="0" tests="12" name="Establishment.Establish" time="21.186" errors="0" timestamp="2022-07-13T12:38:26 IST" skipped="11">
  <testcase classname="Establishment.Establish" name="promotion" time="21.186"/>
  <system-out/>
  <testcase classname="Establishment.Establish" name="Reappointment">
    <skipped/>
  </testcase> <!-- Reappointment -->
  <system-out/>
  <testcase classname="Establishment.Establish" name="Retirement">
    <skipped/>
  </testcase> <!-- Retirement -->
  <system-out/>
  <testcase classname="Establishment.Establish" name="Transfer">
    <skipped/>
  </testcase> <!-- Transfer -->
  <system-out/>
  <testcase classname="Establishment.Establish" name="update">
    <skipped/>
  </testcase> <!-- update -->
  <system-out/>
  <testcase classname="Establishment.Establish" name="variable_pay">
    <skipped/>
  </testcase> <!-- variable_pay -->
  <system-out/>
  <testcase classname="Establishment.Establish" name="ADD_Establishment">
    <skipped/>
  </testcase> <!-- ADD_Establishment -->
  <system-out/>
  <testcase classname="Establishment.Establish" name="Update_Establishment">
    <skipped/>
  </testcase> <!-- Update_Establishment -->
  <system-out/>
  <testcase classname="Establishment.Establish" name="death">
    <skipped/>
  </testcase> <!-- death -->
  <system-out/>
  <testcase classname="Establishment.Establish" name="Resign">
    <skipped/>
  </testcase> <!-- Resign -->
  <system-out/>
  <testcase classname="Establishment.Establish" name="Update_Emp_Resign">
    <skipped/>
  </testcase> <!-- Update_Emp_Resign -->
  <system-out/>
  <testcase classname="Establishment.Establish" name="posting">
    <skipped/>
  </testcase> <!-- posting -->
  <system-out/>
</testsuite> <!-- Establishment.Establish -->
